# JRE version: OpenJDK Runtime Environment OpenLogic-OpenJDK (11.0.22+7) (build 11.0.22+7-adhoc..jdk11u)
# Java VM: OpenJDK 64-Bit Server VM OpenLogic-OpenJDK (11.0.22+7-adhoc..jdk11u, mixed mode, tiered, compressed oops, g1 gc, windows-amd64)
Heap:
 garbage-first heap   total 129024K, used 29184K [0x0000000082200000, 0x0000000100000000)
  region size 1024K, 15 young (15360K), 7 survivors (7168K)
 Metaspace       used 56593K, capacity 58285K, committed 58368K, reserved 1099776K
  class space    used 7198K, capacity 7883K, committed 7936K, reserved 1048576K
GC Heap History (16 events):
Event: 1.082 GC heap before
{Heap before GC invocations=0 (full 0):
 garbage-first heap   total 129024K, used 24576K [0x0000000082200000, 0x0000000100000000)
  region size 1024K, 24 young (24576K), 0 survivors (0K)
 Metaspace       used 12512K, capacity 12873K, committed 13184K, reserved 1060864K
  class space    used 1202K, capacity 1351K, committed 1408K, reserved 1048576K
}
Event: 1.089 GC heap after
{Heap after GC invocations=1 (full 0):
 garbage-first heap   total 129024K, used 7826K [0x0000000082200000, 0x0000000100000000)
  region size 1024K, 3 young (3072K), 3 survivors (3072K)
 Metaspace       used 12512K, capacity 12873K, committed 13184K, reserved 1060864K
  class space    used 1202K, capacity 1351K, committed 1408K, reserved 1048576K
}
Event: 1.542 GC heap before
{Heap before GC invocations=1 (full 0):
 garbage-first heap   total 129024K, used 27282K [0x0000000082200000, 0x0000000100000000)
  region size 1024K, 22 young (22528K), 3 survivors (3072K)
 Metaspace       used 15028K, capacity 15536K, committed 15616K, reserved 1062912K
  class space    used 1568K, capacity 1770K, committed 1792K, reserved 1048576K
}
Event: 1.547 GC heap after
{Heap after GC invocations=2 (full 0):
 garbage-first heap   total 129024K, used 8761K [0x0000000082200000, 0x0000000100000000)
  region size 1024K, 1 young (1024K), 1 survivors (1024K)
 Metaspace       used 15028K, capacity 15536K, committed 15616K, reserved 1062912K
  class space    used 1568K, capacity 1770K, committed 1792K, reserved 1048576K
}
Event: 2.313 GC heap before
{Heap before GC invocations=2 (full 0):
 garbage-first heap   total 129024K, used 53817K [0x0000000082200000, 0x0000000100000000)
  region size 1024K, 46 young (47104K), 1 survivors (1024K)
 Metaspace       used 20515K, capacity 21089K, committed 21248K, reserved 1067008K
  class space    used 2472K, capacity 2718K, committed 2816K, reserved 1048576K
}
Event: 2.316 GC heap after
{Heap after GC invocations=3 (full 0):
 garbage-first heap   total 129024K, used 9536K [0x0000000082200000, 0x0000000100000000)
  region size 1024K, 2 young (2048K), 2 survivors (2048K)
 Metaspace       used 20515K, capacity 21089K, committed 21248K, reserved 1067008K
  class space    used 2472K, capacity 2718K, committed 2816K, reserved 1048576K
}
Event: 2.978 GC heap before
{Heap before GC invocations=4 (full 0):
 garbage-first heap   total 129024K, used 67904K [0x0000000082200000, 0x0000000100000000)
  region size 1024K, 59 young (60416K), 2 survivors (2048K)
 Metaspace       used 29727K, capacity 30458K, committed 30592K, reserved 1075200K
  class space    used 3594K, capacity 3914K, committed 3968K, reserved 1048576K
}
Event: 2.983 GC heap after
{Heap after GC invocations=5 (full 0):
 garbage-first heap   total 129024K, used 11105K [0x0000000082200000, 0x0000000100000000)
  region size 1024K, 4 young (4096K), 4 survivors (4096K)
 Metaspace       used 29727K, capacity 30458K, committed 30592K, reserved 1075200K
  class space    used 3594K, capacity 3914K, committed 3968K, reserved 1048576K
}
Event: 4.437 GC heap before
{Heap before GC invocations=5 (full 0):
 garbage-first heap   total 129024K, used 61281K [0x0000000082200000, 0x0000000100000000)
  region size 1024K, 54 young (55296K), 4 survivors (4096K)
 Metaspace       used 34802K, capacity 35802K, committed 35840K, reserved 1081344K
  class space    used 4211K, capacity 4601K, committed 4608K, reserved 1048576K
}
Event: 4.442 GC heap after
{Heap after GC invocations=6 (full 0):
 garbage-first heap   total 129024K, used 12814K [0x0000000082200000, 0x0000000100000000)
  region size 1024K, 5 young (5120K), 5 survivors (5120K)
 Metaspace       used 34802K, capacity 35802K, committed 35840K, reserved 1081344K
  class space    used 4211K, capacity 4601K, committed 4608K, reserved 1048576K
}
Event: 5.458 GC heap before
{Heap before GC invocations=7 (full 0):
 garbage-first heap   total 129024K, used 82446K [0x0000000082200000, 0x0000000100000000)
  region size 1024K, 73 young (74752K), 5 survivors (5120K)
 Metaspace       used 42374K, capacity 43679K, committed 43776K, reserved 1087488K
  class space    used 5284K, capacity 5823K, committed 5888K, reserved 1048576K
}
Event: 5.472 GC heap after
{Heap after GC invocations=8 (full 0):
 garbage-first heap   total 129024K, used 16021K [0x0000000082200000, 0x0000000100000000)
  region size 1024K, 8 young (8192K), 8 survivors (8192K)
 Metaspace       used 42374K, capacity 43679K, committed 43776K, reserved 1087488K
  class space    used 5284K, capacity 5823K, committed 5888K, reserved 1048576K
}
Event: 6.410 GC heap before
{Heap before GC invocations=8 (full 0):
 garbage-first heap   total 129024K, used 84629K [0x0000000082200000, 0x0000000100000000)
  region size 1024K, 75 young (76800K), 8 survivors (8192K)
 Metaspace       used 47448K, capacity 49010K, committed 49152K, reserved 1091584K
  class space    used 5971K, capacity 6602K, committed 6656K, reserved 1048576K
}
Event: 6.422 GC heap after
{Heap after GC invocations=9 (full 0):
 garbage-first heap   total 129024K, used 18991K [0x0000000082200000, 0x0000000100000000)
  region size 1024K, 8 young (8192K), 8 survivors (8192K)
 Metaspace       used 47448K, capacity 49010K, committed 49152K, reserved 1091584K
  class space    used 5971K, capacity 6602K, committed 6656K, reserved 1048576K
}
Event: 7.746 GC heap before
{Heap before GC invocations=9 (full 0):
 garbage-first heap   total 129024K, used 87599K [0x0000000082200000, 0x0000000100000000)
  region size 1024K, 75 young (76800K), 8 survivors (8192K)
 Metaspace       used 55072K, capacity 56781K, committed 56960K, reserved 1097728K
  class space    used 7030K, capacity 7723K, committed 7808K, reserved 1048576K
}
Event: 7.763 GC heap after
{Heap after GC invocations=10 (full 0):
 garbage-first heap   total 129024K, used 22016K [0x0000000082200000, 0x0000000100000000)
  region size 1024K, 7 young (7168K), 7 survivors (7168K)
 Metaspace       used 55072K, capacity 56781K, committed 56960K, reserved 1097728K
  class space    used 7030K, capacity 7723K, committed 7808K, reserved 1048576K
}

