# JRE version: OpenJDK Runtime Environment OpenLogic-OpenJDK (11.0.22+7) (build 11.0.22+7-adhoc..jdk11u)
# Java VM: OpenJDK 64-Bit Server VM OpenLogic-OpenJDK (11.0.22+7-adhoc..jdk11u, mixed mode, tiered, compressed oops, g1 gc, windows-amd64)
Heap:
 garbage-first heap   total 187392K, used 110483K [0x0000000082200000, 0x0000000100000000)
  region size 1024K, 47 young (48128K), 5 survivors (5120K)
 Metaspace       used 42159K, capacity 43290K, committed 43512K, reserved 1087488K
  class space    used 4246K, capacity 4581K, committed 4608K, reserved 1048576K
GC Heap History (20 events):
Event: 3.506 GC heap before
{Heap before GC invocations=4 (full 0):
 garbage-first heap   total 129024K, used 71702K [0x0000000082200000, 0x0000000100000000)
  region size 1024K, 66 young (67584K), 7 survivors (7168K)
 Metaspace       used 23480K, capacity 23978K, committed 24064K, reserved 1071104K
  class space    used 2368K, capacity 2539K, committed 2560K, reserved 1048576K
}
Event: 3.517 GC heap after
{Heap after GC invocations=5 (full 0):
 garbage-first heap   total 129024K, used 15340K [0x0000000082200000, 0x0000000100000000)
  region size 1024K, 8 young (8192K), 8 survivors (8192K)
 Metaspace       used 23480K, capacity 23978K, committed 24064K, reserved 1071104K
  class space    used 2368K, capacity 2539K, committed 2560K, reserved 1048576K
}
Event: 4.767 GC heap before
{Heap before GC invocations=5 (full 0):
 garbage-first heap   total 129024K, used 82924K [0x0000000082200000, 0x0000000100000000)
  region size 1024K, 73 young (74752K), 8 survivors (8192K)
 Metaspace       used 32147K, capacity 32877K, committed 33024K, reserved 1079296K
  class space    used 3331K, capacity 3574K, committed 3584K, reserved 1048576K
}
Event: 4.787 GC heap after
{Heap after GC invocations=6 (full 0):
 garbage-first heap   total 155648K, used 22871K [0x0000000082200000, 0x0000000100000000)
  region size 1024K, 10 young (10240K), 10 survivors (10240K)
 Metaspace       used 32147K, capacity 32877K, committed 33024K, reserved 1079296K
  class space    used 3331K, capacity 3574K, committed 3584K, reserved 1048576K
}
Event: 5.479 GC heap before
{Heap before GC invocations=6 (full 0):
 garbage-first heap   total 155648K, used 99671K [0x0000000082200000, 0x0000000100000000)
  region size 1024K, 82 young (83968K), 10 survivors (10240K)
 Metaspace       used 34031K, capacity 34927K, committed 35072K, reserved 1081344K
  class space    used 3505K, capacity 3784K, committed 3840K, reserved 1048576K
}
Event: 5.500 GC heap after
{Heap after GC invocations=7 (full 0):
 garbage-first heap   total 155648K, used 39577K [0x0000000082200000, 0x0000000100000000)
  region size 1024K, 11 young (11264K), 11 survivors (11264K)
 Metaspace       used 34031K, capacity 34927K, committed 35072K, reserved 1081344K
  class space    used 3505K, capacity 3784K, committed 3840K, reserved 1048576K
}
Event: 5.604 GC heap before
{Heap before GC invocations=7 (full 0):
 garbage-first heap   total 155648K, used 46745K [0x0000000082200000, 0x0000000100000000)
  region size 1024K, 19 young (19456K), 11 survivors (11264K)
 Metaspace       used 34498K, capacity 35410K, committed 35584K, reserved 1081344K
  class space    used 3546K, capacity 3817K, committed 3840K, reserved 1048576K
}
Event: 5.615 GC heap after
{Heap after GC invocations=8 (full 0):
 garbage-first heap   total 155648K, used 41984K [0x0000000082200000, 0x0000000100000000)
  region size 1024K, 2 young (2048K), 2 survivors (2048K)
 Metaspace       used 34498K, capacity 35410K, committed 35584K, reserved 1081344K
  class space    used 3546K, capacity 3817K, committed 3840K, reserved 1048576K
}
Event: 5.907 GC heap before
{Heap before GC invocations=9 (full 0):
 garbage-first heap   total 155648K, used 88064K [0x0000000082200000, 0x0000000100000000)
  region size 1024K, 47 young (48128K), 2 survivors (2048K)
 Metaspace       used 35512K, capacity 36444K, committed 36728K, reserved 1081344K
  class space    used 3655K, capacity 3936K, committed 3968K, reserved 1048576K
}
Event: 5.909 GC heap after
{Heap after GC invocations=10 (full 0):
 garbage-first heap   total 155648K, used 41355K [0x0000000082200000, 0x0000000100000000)
  region size 1024K, 1 young (1024K), 1 survivors (1024K)
 Metaspace       used 35512K, capacity 36444K, committed 36728K, reserved 1081344K
  class space    used 3655K, capacity 3936K, committed 3968K, reserved 1048576K
}
Event: 6.172 GC heap before
{Heap before GC invocations=10 (full 0):
 garbage-first heap   total 155648K, used 93579K [0x0000000082200000, 0x0000000100000000)
  region size 1024K, 52 young (53248K), 1 survivors (1024K)
 Metaspace       used 36040K, capacity 36973K, committed 37368K, reserved 1083392K
  class space    used 3681K, capacity 3976K, committed 4096K, reserved 1048576K
}
Event: 6.175 GC heap after
{Heap after GC invocations=11 (full 0):
 garbage-first heap   total 155648K, used 41964K [0x0000000082200000, 0x0000000100000000)
  region size 1024K, 2 young (2048K), 2 survivors (2048K)
 Metaspace       used 36040K, capacity 36973K, committed 37368K, reserved 1083392K
  class space    used 3681K, capacity 3976K, committed 4096K, reserved 1048576K
}
Event: 6.946 GC heap before
{Heap before GC invocations=11 (full 0):
 garbage-first heap   total 155648K, used 98284K [0x0000000082200000, 0x0000000100000000)
  region size 1024K, 56 young (57344K), 2 survivors (2048K)
 Metaspace       used 37976K, capacity 38967K, committed 39032K, reserved 1083392K
  class space    used 3873K, capacity 4192K, committed 4224K, reserved 1048576K
}
Event: 6.961 GC heap after
{Heap after GC invocations=12 (full 0):
 garbage-first heap   total 155648K, used 46543K [0x0000000082200000, 0x0000000100000000)
  region size 1024K, 7 young (7168K), 7 survivors (7168K)
 Metaspace       used 37976K, capacity 38967K, committed 39032K, reserved 1083392K
  class space    used 3873K, capacity 4192K, committed 4224K, reserved 1048576K
}
Event: 7.626 GC heap before
{Heap before GC invocations=12 (full 0):
 garbage-first heap   total 155648K, used 104911K [0x0000000082200000, 0x0000000100000000)
  region size 1024K, 62 young (63488K), 7 survivors (7168K)
 Metaspace       used 38422K, capacity 39489K, committed 39672K, reserved 1085440K
  class space    used 3900K, capacity 4238K, committed 4352K, reserved 1048576K
}
Event: 7.642 GC heap after
{Heap after GC invocations=13 (full 0):
 garbage-first heap   total 187392K, used 63236K [0x0000000082200000, 0x0000000100000000)
  region size 1024K, 8 young (8192K), 8 survivors (8192K)
 Metaspace       used 38422K, capacity 39489K, committed 39672K, reserved 1085440K
  class space    used 3900K, capacity 4238K, committed 4352K, reserved 1048576K
}
Event: 8.048 GC heap before
{Heap before GC invocations=13 (full 0):
 garbage-first heap   total 187392K, used 122628K [0x0000000082200000, 0x0000000100000000)
  region size 1024K, 66 young (67584K), 8 survivors (8192K)
 Metaspace       used 39515K, capacity 40591K, committed 40824K, reserved 1085440K
  class space    used 4031K, capacity 4368K, committed 4480K, reserved 1048576K
}
Event: 8.054 GC heap after
{Heap after GC invocations=14 (full 0):
 garbage-first heap   total 187392K, used 65517K [0x0000000082200000, 0x0000000100000000)
  region size 1024K, 2 young (2048K), 2 survivors (2048K)
 Metaspace       used 39515K, capacity 40591K, committed 40824K, reserved 1085440K
  class space    used 4031K, capacity 4368K, committed 4480K, reserved 1048576K
}
Event: 8.663 GC heap before
{Heap before GC invocations=14 (full 0):
 garbage-first heap   total 187392K, used 129005K [0x0000000082200000, 0x0000000100000000)
  region size 1024K, 62 young (63488K), 2 survivors (2048K)
 Metaspace       used 41013K, capacity 42092K, committed 42104K, reserved 1087488K
  class space    used 4138K, capacity 4479K, committed 4480K, reserved 1048576K
}
Event: 8.670 GC heap after
{Heap after GC invocations=15 (full 0):
 garbage-first heap   total 187392K, used 68499K [0x0000000082200000, 0x0000000100000000)
  region size 1024K, 5 young (5120K), 5 survivors (5120K)
 Metaspace       used 41013K, capacity 42092K, committed 42104K, reserved 1087488K
  class space    used 4138K, capacity 4479K, committed 4480K, reserved 1048576K
}

